<?xml version="1.0" encoding="UTF-8"?>
<testsuite xmlns:xsi="http://www.w3.org/2001/XMLSchema-instance" xsi:noNamespaceSchemaLocation="https://maven.apache.org/surefire/maven-surefire-plugin/xsd/surefire-test-report-3.0.xsd" version="3.0" name="hyperexecute.ToDoTest" time="24.921" tests="2" errors="0" skipped="0" failures="0">
  <properties>
    <property name="sun.desktop" value="windows"/>
    <property name="awt.toolkit" value="sun.awt.windows.WToolkit"/>
    <property name="file.encoding.pkg" value="sun.io"/>
    <property name="java.specification.version" value="1.8"/>
    <property name="sun.cpu.isalist" value="amd64"/>
    <property name="sun.jnu.encoding" value="Cp1252"/>
    <property name="java.class.path" value="D:\foreman\junit-selenium-hyperexecute-sample-master 2\target\test-classes;D:\foreman\junit-selenium-hyperexecute-sample-master 2\target\classes;D:\foreman\junit-selenium-hyperexecute-sample-master 2\m2_cache_dir\org\seleniumhq\selenium\selenium-java\3.141.59\selenium-java-3.141.59.jar;D:\foreman\junit-selenium-hyperexecute-sample-master 2\m2_cache_dir\org\seleniumhq\selenium\selenium-api\3.141.59\selenium-api-3.141.59.jar;D:\foreman\junit-selenium-hyperexecute-sample-master 2\m2_cache_dir\org\seleniumhq\selenium\selenium-edge-driver\3.141.59\selenium-edge-driver-3.141.59.jar;D:\foreman\junit-selenium-hyperexecute-sample-master 2\m2_cache_dir\org\seleniumhq\selenium\selenium-firefox-driver\3.141.59\selenium-firefox-driver-3.141.59.jar;D:\foreman\junit-selenium-hyperexecute-sample-master 2\m2_cache_dir\org\seleniumhq\selenium\selenium-ie-driver\3.141.59\selenium-ie-driver-3.141.59.jar;D:\foreman\junit-selenium-hyperexecute-sample-master 2\m2_cache_dir\org\seleniumhq\selenium\selenium-opera-driver\3.141.59\selenium-opera-driver-3.141.59.jar;D:\foreman\junit-selenium-hyperexecute-sample-master 2\m2_cache_dir\org\seleniumhq\selenium\selenium-remote-driver\3.141.59\selenium-remote-driver-3.141.59.jar;D:\foreman\junit-selenium-hyperexecute-sample-master 2\m2_cache_dir\org\seleniumhq\selenium\selenium-safari-driver\3.141.59\selenium-safari-driver-3.141.59.jar;D:\foreman\junit-selenium-hyperexecute-sample-master 2\m2_cache_dir\org\seleniumhq\selenium\selenium-support\3.141.59\selenium-support-3.141.59.jar;D:\foreman\junit-selenium-hyperexecute-sample-master 2\m2_cache_dir\net\bytebuddy\byte-buddy\1.8.15\byte-buddy-1.8.15.jar;D:\foreman\junit-selenium-hyperexecute-sample-master 2\m2_cache_dir\org\apache\commons\commons-exec\1.3\commons-exec-1.3.jar;D:\foreman\junit-selenium-hyperexecute-sample-master 2\m2_cache_dir\com\google\guava\guava\25.0-jre\guava-25.0-jre.jar;D:\foreman\junit-selenium-hyperexecute-sample-master 2\m2_cache_dir\com\google\code\findbugs\jsr305\1.3.9\jsr305-1.3.9.jar;D:\foreman\junit-selenium-hyperexecute-sample-master 2\m2_cache_dir\org\checkerframework\checker-compat-qual\2.0.0\checker-compat-qual-2.0.0.jar;D:\foreman\junit-selenium-hyperexecute-sample-master 2\m2_cache_dir\com\google\errorprone\error_prone_annotations\2.1.3\error_prone_annotations-2.1.3.jar;D:\foreman\junit-selenium-hyperexecute-sample-master 2\m2_cache_dir\com\google\j2objc\j2objc-annotations\1.1\j2objc-annotations-1.1.jar;D:\foreman\junit-selenium-hyperexecute-sample-master 2\m2_cache_dir\org\codehaus\mojo\animal-sniffer-annotations\1.14\animal-sniffer-annotations-1.14.jar;D:\foreman\junit-selenium-hyperexecute-sample-master 2\m2_cache_dir\com\squareup\okhttp3\okhttp\3.11.0\okhttp-3.11.0.jar;D:\foreman\junit-selenium-hyperexecute-sample-master 2\m2_cache_dir\com\squareup\okio\okio\1.14.0\okio-1.14.0.jar;D:\foreman\junit-selenium-hyperexecute-sample-master 2\m2_cache_dir\org\seleniumhq\selenium\selenium-chrome-driver\3.141.59\selenium-chrome-driver-3.141.59.jar;D:\foreman\junit-selenium-hyperexecute-sample-master 2\m2_cache_dir\io\github\bonigarcia\webdrivermanager\5.1.0\webdrivermanager-5.1.0.jar;D:\foreman\junit-selenium-hyperexecute-sample-master 2\m2_cache_dir\org\slf4j\slf4j-api\1.7.36\slf4j-api-1.7.36.jar;D:\foreman\junit-selenium-hyperexecute-sample-master 2\m2_cache_dir\com\google\code\gson\gson\2.9.0\gson-2.9.0.jar;D:\foreman\junit-selenium-hyperexecute-sample-master 2\m2_cache_dir\com\github\docker-java\docker-java\3.2.13\docker-java-3.2.13.jar;D:\foreman\junit-selenium-hyperexecute-sample-master 2\m2_cache_dir\com\github\docker-java\docker-java-core\3.2.13\docker-java-core-3.2.13.jar;D:\foreman\junit-selenium-hyperexecute-sample-master 2\m2_cache_dir\com\github\docker-java\docker-java-api\3.2.13\docker-java-api-3.2.13.jar;D:\foreman\junit-selenium-hyperexecute-sample-master 2\m2_cache_dir\com\fasterxml\jackson\core\jackson-annotations\2.10.3\jackson-annotations-2.10.3.jar;D:\foreman\junit-selenium-hyperexecute-sample-master 2\m2_cache_dir\com\fasterxml\jackson\core\jackson-databind\2.10.3\jackson-databind-2.10.3.jar;D:\foreman\junit-selenium-hyperexecute-sample-master 2\m2_cache_dir\com\fasterxml\jackson\core\jackson-core\2.10.3\jackson-core-2.10.3.jar;D:\foreman\junit-selenium-hyperexecute-sample-master 2\m2_cache_dir\org\bouncycastle\bcpkix-jdk15on\1.64\bcpkix-jdk15on-1.64.jar;D:\foreman\junit-selenium-hyperexecute-sample-master 2\m2_cache_dir\org\bouncycastle\bcprov-jdk15on\1.64\bcprov-jdk15on-1.64.jar;D:\foreman\junit-selenium-hyperexecute-sample-master 2\m2_cache_dir\org\slf4j\jcl-over-slf4j\1.7.30\jcl-over-slf4j-1.7.30.jar;D:\foreman\junit-selenium-hyperexecute-sample-master 2\m2_cache_dir\com\github\docker-java\docker-java-transport-httpclient5\3.2.13\docker-java-transport-httpclient5-3.2.13.jar;D:\foreman\junit-selenium-hyperexecute-sample-master 2\m2_cache_dir\com\github\docker-java\docker-java-transport\3.2.13\docker-java-transport-3.2.13.jar;D:\foreman\junit-selenium-hyperexecute-sample-master 2\m2_cache_dir\org\apache\httpcomponents\client5\httpclient5\5.0.3\httpclient5-5.0.3.jar;D:\foreman\junit-selenium-hyperexecute-sample-master 2\m2_cache_dir\org\apache\httpcomponents\core5\httpcore5\5.0.2\httpcore5-5.0.2.jar;D:\foreman\junit-selenium-hyperexecute-sample-master 2\m2_cache_dir\commons-codec\commons-codec\1.13\commons-codec-1.13.jar;D:\foreman\junit-selenium-hyperexecute-sample-master 2\m2_cache_dir\net\java\dev\jna\jna\5.8.0\jna-5.8.0.jar;D:\foreman\junit-selenium-hyperexecute-sample-master 2\m2_cache_dir\org\brotli\dec\0.1.2\dec-0.1.2.jar;D:\foreman\junit-selenium-hyperexecute-sample-master 2\m2_cache_dir\org\apache\commons\commons-lang3\3.12.0\commons-lang3-3.12.0.jar;D:\foreman\junit-selenium-hyperexecute-sample-master 2\m2_cache_dir\org\slf4j\slf4j-nop\1.7.28\slf4j-nop-1.7.28.jar;D:\foreman\junit-selenium-hyperexecute-sample-master 2\m2_cache_dir\org\junit\jupiter\junit-jupiter-api\5.8.2\junit-jupiter-api-5.8.2.jar;D:\foreman\junit-selenium-hyperexecute-sample-master 2\m2_cache_dir\org\opentest4j\opentest4j\1.2.0\opentest4j-1.2.0.jar;D:\foreman\junit-selenium-hyperexecute-sample-master 2\m2_cache_dir\org\junit\platform\junit-platform-commons\1.8.2\junit-platform-commons-1.8.2.jar;D:\foreman\junit-selenium-hyperexecute-sample-master 2\m2_cache_dir\org\apiguardian\apiguardian-api\1.1.2\apiguardian-api-1.1.2.jar;D:\foreman\junit-selenium-hyperexecute-sample-master 2\m2_cache_dir\org\junit\jupiter\junit-jupiter-params\5.8.2\junit-jupiter-params-5.8.2.jar;D:\foreman\junit-selenium-hyperexecute-sample-master 2\m2_cache_dir\org\apache\maven\plugins\maven-site-plugin\3.11.0\maven-site-plugin-3.11.0.jar;D:\foreman\junit-selenium-hyperexecute-sample-master 2\m2_cache_dir\org\apache\maven\reporting\maven-reporting-api\3.1.0\maven-reporting-api-3.1.0.jar;D:\foreman\junit-selenium-hyperexecute-sample-master 2\m2_cache_dir\org\apache\maven\reporting\maven-reporting-exec\1.6.0\maven-reporting-exec-1.6.0.jar;D:\foreman\junit-selenium-hyperexecute-sample-master 2\m2_cache_dir\org\apache\maven\maven-settings\3.2.5\maven-settings-3.2.5.jar;D:\foreman\junit-selenium-hyperexecute-sample-master 2\m2_cache_dir\org\apache\maven\maven-settings-builder\3.2.5\maven-settings-builder-3.2.5.jar;D:\foreman\junit-selenium-hyperexecute-sample-master 2\m2_cache_dir\org\eclipse\aether\aether-util\1.0.0.v20140518\aether-util-1.0.0.v20140518.jar;D:\foreman\junit-selenium-hyperexecute-sample-master 2\m2_cache_dir\org\apache\maven\shared\maven-shared-utils\3.3.4\maven-shared-utils-3.3.4.jar;D:\foreman\junit-selenium-hyperexecute-sample-master 2\m2_cache_dir\org\apache\maven\maven-archiver\3.5.2\maven-archiver-3.5.2.jar;D:\foreman\junit-selenium-hyperexecute-sample-master 2\m2_cache_dir\org\apache\commons\commons-compress\1.20\commons-compress-1.20.jar;D:\foreman\junit-selenium-hyperexecute-sample-master 2\m2_cache_dir\org\codehaus\plexus\plexus-interpolation\1.26\plexus-interpolation-1.26.jar;D:\foreman\junit-selenium-hyperexecute-sample-master 2\m2_cache_dir\org\codehaus\plexus\plexus-archiver\4.2.5\plexus-archiver-4.2.5.jar;D:\foreman\junit-selenium-hyperexecute-sample-master 2\m2_cache_dir\org\codehaus\plexus\plexus-io\3.2.0\plexus-io-3.2.0.jar;D:\foreman\junit-selenium-hyperexecute-sample-master 2\m2_cache_dir\org\iq80\snappy\snappy\0.4\snappy-0.4.jar;D:\foreman\junit-selenium-hyperexecute-sample-master 2\m2_cache_dir\org\tukaani\xz\1.9\xz-1.9.jar;D:\foreman\junit-selenium-hyperexecute-sample-master 2\m2_cache_dir\org\codehaus\plexus\plexus-i18n\1.0-beta-10\plexus-i18n-1.0-beta-10.jar;D:\foreman\junit-selenium-hyperexecute-sample-master 2\m2_cache_dir\org\codehaus\plexus\plexus-utils\3.3.0\plexus-utils-3.3.0.jar;D:\foreman\junit-selenium-hyperexecute-sample-master 2\m2_cache_dir\org\apache\maven\doxia\doxia-sink-api\1.11.1\doxia-sink-api-1.11.1.jar;D:\foreman\junit-selenium-hyperexecute-sample-master 2\m2_cache_dir\org\apache\maven\doxia\doxia-logging-api\1.11.1\doxia-logging-api-1.11.1.jar;D:\foreman\junit-selenium-hyperexecute-sample-master 2\m2_cache_dir\org\apache\maven\doxia\doxia-core\1.11.1\doxia-core-1.11.1.jar;D:\foreman\junit-selenium-hyperexecute-sample-master 2\m2_cache_dir\org\codehaus\plexus\plexus-container-default\2.1.0\plexus-container-default-2.1.0.jar;D:\foreman\junit-selenium-hyperexecute-sample-master 2\m2_cache_dir\org\apache\xbean\xbean-reflect\3.7\xbean-reflect-3.7.jar;D:\foreman\junit-selenium-hyperexecute-sample-master 2\m2_cache_dir\com\google\collections\google-collections\1.0\google-collections-1.0.jar;D:\foreman\junit-selenium-hyperexecute-sample-master 2\m2_cache_dir\org\codehaus\plexus\plexus-component-annotations\2.1.0\plexus-component-annotations-2.1.0.jar;D:\foreman\junit-selenium-hyperexecute-sample-master 2\m2_cache_dir\org\apache\commons\commons-text\1.3\commons-text-1.3.jar;D:\foreman\junit-selenium-hyperexecute-sample-master 2\m2_cache_dir\org\apache\httpcomponents\httpclient\4.5.13\httpclient-4.5.13.jar;D:\foreman\junit-selenium-hyperexecute-sample-master 2\m2_cache_dir\commons-logging\commons-logging\1.2\commons-logging-1.2.jar;D:\foreman\junit-selenium-hyperexecute-sample-master 2\m2_cache_dir\org\apache\httpcomponents\httpcore\4.4.14\httpcore-4.4.14.jar;D:\foreman\junit-selenium-hyperexecute-sample-master 2\m2_cache_dir\org\apache\maven\doxia\doxia-module-xhtml\1.11.1\doxia-module-xhtml-1.11.1.jar;D:\foreman\junit-selenium-hyperexecute-sample-master 2\m2_cache_dir\org\apache\maven\doxia\doxia-module-xhtml5\1.11.1\doxia-module-xhtml5-1.11.1.jar;D:\foreman\junit-selenium-hyperexecute-sample-master 2\m2_cache_dir\org\apache\maven\doxia\doxia-module-apt\1.11.1\doxia-module-apt-1.11.1.jar;D:\foreman\junit-selenium-hyperexecute-sample-master 2\m2_cache_dir\org\apache\maven\doxia\doxia-module-xdoc\1.11.1\doxia-module-xdoc-1.11.1.jar;D:\foreman\junit-selenium-hyperexecute-sample-master 2\m2_cache_dir\org\apache\maven\doxia\doxia-module-fml\1.11.1\doxia-module-fml-1.11.1.jar;D:\foreman\junit-selenium-hyperexecute-sample-master 2\m2_cache_dir\org\apache\maven\doxia\doxia-module-markdown\1.11.1\doxia-module-markdown-1.11.1.jar;D:\foreman\junit-selenium-hyperexecute-sample-master 2\m2_cache_dir\com\vladsch\flexmark\flexmark-all\0.42.14\flexmark-all-0.42.14.jar;D:\foreman\junit-selenium-hyperexecute-sample-master 2\m2_cache_dir\com\vladsch\flexmark\flexmark\0.42.14\flexmark-0.42.14.jar;D:\foreman\junit-selenium-hyperexecute-sample-master 2\m2_cache_dir\com\vladsch\flexmark\flexmark-ext-abbreviation\0.42.14\flexmark-ext-abbreviation-0.42.14.jar;D:\foreman\junit-selenium-hyperexecute-sample-master 2\m2_cache_dir\com\vladsch\flexmark\flexmark-ext-admonition\0.42.14\flexmark-ext-admonition-0.42.14.jar;D:\foreman\junit-selenium-hyperexecute-sample-master 2\m2_cache_dir\com\vladsch\flexmark\flexmark-ext-anchorlink\0.42.14\flexmark-ext-anchorlink-0.42.14.jar;D:\foreman\junit-selenium-hyperexecute-sample-master 2\m2_cache_dir\com\vladsch\flexmark\flexmark-ext-aside\0.42.14\flexmark-ext-aside-0.42.14.jar;D:\foreman\junit-selenium-hyperexecute-sample-master 2\m2_cache_dir\com\vladsch\flexmark\flexmark-ext-attributes\0.42.14\flexmark-ext-attributes-0.42.14.jar;D:\foreman\junit-selenium-hyperexecute-sample-master 2\m2_cache_dir\com\vladsch\flexmark\flexmark-ext-autolink\0.42.14\flexmark-ext-autolink-0.42.14.jar;D:\foreman\junit-selenium-hyperexecute-sample-master 2\m2_cache_dir\org\nibor\autolink\autolink\0.6.0\autolink-0.6.0.jar;D:\foreman\junit-selenium-hyperexecute-sample-master 2\m2_cache_dir\com\vladsch\flexmark\flexmark-ext-definition\0.42.14\flexmark-ext-definition-0.42.14.jar;D:\foreman\junit-selenium-hyperexecute-sample-master 2\m2_cache_dir\com\vladsch\flexmark\flexmark-ext-emoji\0.42.14\flexmark-ext-emoji-0.42.14.jar;D:\foreman\junit-selenium-hyperexecute-sample-master 2\m2_cache_dir\com\vladsch\flexmark\flexmark-ext-enumerated-reference\0.42.14\flexmark-ext-enumerated-reference-0.42.14.jar;D:\foreman\junit-selenium-hyperexecute-sample-master 2\m2_cache_dir\com\vladsch\flexmark\flexmark-ext-escaped-character\0.42.14\flexmark-ext-escaped-character-0.42.14.jar;D:\foreman\junit-selenium-hyperexecute-sample-master 2\m2_cache_dir\com\vladsch\flexmark\flexmark-ext-footnotes\0.42.14\flexmark-ext-footnotes-0.42.14.jar;D:\foreman\junit-selenium-hyperexecute-sample-master 2\m2_cache_dir\com\vladsch\flexmark\flexmark-ext-gfm-issues\0.42.14\flexmark-ext-gfm-issues-0.42.14.jar;D:\foreman\junit-selenium-hyperexecute-sample-master 2\m2_cache_dir\com\vladsch\flexmark\flexmark-ext-gfm-strikethrough\0.42.14\flexmark-ext-gfm-strikethrough-0.42.14.jar;D:\foreman\junit-selenium-hyperexecute-sample-master 2\m2_cache_dir\com\vladsch\flexmark\flexmark-ext-gfm-tables\0.42.14\flexmark-ext-gfm-tables-0.42.14.jar;D:\foreman\junit-selenium-hyperexecute-sample-master 2\m2_cache_dir\com\vladsch\flexmark\flexmark-ext-gfm-tasklist\0.42.14\flexmark-ext-gfm-tasklist-0.42.14.jar;D:\foreman\junit-selenium-hyperexecute-sample-master 2\m2_cache_dir\com\vladsch\flexmark\flexmark-ext-gfm-users\0.42.14\flexmark-ext-gfm-users-0.42.14.jar;D:\foreman\junit-selenium-hyperexecute-sample-master 2\m2_cache_dir\com\vladsch\flexmark\flexmark-ext-gitlab\0.42.14\flexmark-ext-gitlab-0.42.14.jar;D:\foreman\junit-selenium-hyperexecute-sample-master 2\m2_cache_dir\com\vladsch\flexmark\flexmark-ext-jekyll-front-matter\0.42.14\flexmark-ext-jekyll-front-matter-0.42.14.jar;D:\foreman\junit-selenium-hyperexecute-sample-master 2\m2_cache_dir\com\vladsch\flexmark\flexmark-ext-jekyll-tag\0.42.14\flexmark-ext-jekyll-tag-0.42.14.jar;D:\foreman\junit-selenium-hyperexecute-sample-master 2\m2_cache_dir\com\vladsch\flexmark\flexmark-ext-media-tags\0.42.14\flexmark-ext-media-tags-0.42.14.jar;D:\foreman\junit-selenium-hyperexecute-sample-master 2\m2_cache_dir\com\vladsch\flexmark\flexmark-ext-macros\0.42.14\flexmark-ext-macros-0.42.14.jar;D:\foreman\junit-selenium-hyperexecute-sample-master 2\m2_cache_dir\com\vladsch\flexmark\flexmark-ext-ins\0.42.14\flexmark-ext-ins-0.42.14.jar;D:\foreman\junit-selenium-hyperexecute-sample-master 2\m2_cache_dir\com\vladsch\flexmark\flexmark-ext-xwiki-macros\0.42.14\flexmark-ext-xwiki-macros-0.42.14.jar;D:\foreman\junit-selenium-hyperexecute-sample-master 2\m2_cache_dir\com\vladsch\flexmark\flexmark-ext-superscript\0.42.14\flexmark-ext-superscript-0.42.14.jar;D:\foreman\junit-selenium-hyperexecute-sample-master 2\m2_cache_dir\com\vladsch\flexmark\flexmark-ext-tables\0.42.14\flexmark-ext-tables-0.42.14.jar;D:\foreman\junit-selenium-hyperexecute-sample-master 2\m2_cache_dir\com\vladsch\flexmark\flexmark-ext-toc\0.42.14\flexmark-ext-toc-0.42.14.jar;D:\foreman\junit-selenium-hyperexecute-sample-master 2\m2_cache_dir\com\vladsch\flexmark\flexmark-ext-typographic\0.42.14\flexmark-ext-typographic-0.42.14.jar;D:\foreman\junit-selenium-hyperexecute-sample-master 2\m2_cache_dir\com\vladsch\flexmark\flexmark-ext-wikilink\0.42.14\flexmark-ext-wikilink-0.42.14.jar;D:\foreman\junit-selenium-hyperexecute-sample-master 2\m2_cache_dir\com\vladsch\flexmark\flexmark-ext-yaml-front-matter\0.42.14\flexmark-ext-yaml-front-matter-0.42.14.jar;D:\foreman\junit-selenium-hyperexecute-sample-master 2\m2_cache_dir\com\vladsch\flexmark\flexmark-ext-youtube-embedded\0.42.14\flexmark-ext-youtube-embedded-0.42.14.jar;D:\foreman\junit-selenium-hyperexecute-sample-master 2\m2_cache_dir\com\vladsch\flexmark\flexmark-formatter\0.42.14\flexmark-formatter-0.42.14.jar;D:\foreman\junit-selenium-hyperexecute-sample-master 2\m2_cache_dir\com\vladsch\flexmark\flexmark-html-parser\0.42.14\flexmark-html-parser-0.42.14.jar;D:\foreman\junit-selenium-hyperexecute-sample-master 2\m2_cache_dir\org\jsoup\jsoup\1.10.2\jsoup-1.10.2.jar;D:\foreman\junit-selenium-hyperexecute-sample-master 2\m2_cache_dir\com\vladsch\flexmark\flexmark-jira-converter\0.42.14\flexmark-jira-converter-0.42.14.jar;D:\foreman\junit-selenium-hyperexecute-sample-master 2\m2_cache_dir\com\vladsch\flexmark\flexmark-profile-pegdown\0.42.14\flexmark-profile-pegdown-0.42.14.jar;D:\foreman\junit-selenium-hyperexecute-sample-master 2\m2_cache_dir\com\vladsch\flexmark\flexmark-util\0.42.14\flexmark-util-0.42.14.jar;D:\foreman\junit-selenium-hyperexecute-sample-master 2\m2_cache_dir\com\vladsch\flexmark\flexmark-youtrack-converter\0.42.14\flexmark-youtrack-converter-0.42.14.jar;D:\foreman\junit-selenium-hyperexecute-sample-master 2\m2_cache_dir\org\apache\maven\doxia\doxia-module-confluence\1.11.1\doxia-module-confluence-1.11.1.jar;D:\foreman\junit-selenium-hyperexecute-sample-master 2\m2_cache_dir\org\apache\maven\doxia\doxia-module-docbook-simple\1.11.1\doxia-module-docbook-simple-1.11.1.jar;D:\foreman\junit-selenium-hyperexecute-sample-master 2\m2_cache_dir\org\apache\maven\doxia\doxia-module-twiki\1.11.1\doxia-module-twiki-1.11.1.jar;D:\foreman\junit-selenium-hyperexecute-sample-master 2\m2_cache_dir\org\apache\maven\doxia\doxia-decoration-model\1.11.1\doxia-decoration-model-1.11.1.jar;D:\foreman\junit-selenium-hyperexecute-sample-master 2\m2_cache_dir\org\apache\maven\doxia\doxia-site-renderer\1.11.1\doxia-site-renderer-1.11.1.jar;D:\foreman\junit-selenium-hyperexecute-sample-master 2\m2_cache_dir\org\apache\maven\doxia\doxia-skin-model\1.11.1\doxia-skin-model-1.11.1.jar;D:\foreman\junit-selenium-hyperexecute-sample-master 2\m2_cache_dir\org\codehaus\plexus\plexus-velocity\1.2\plexus-velocity-1.2.jar;D:\foreman\junit-selenium-hyperexecute-sample-master 2\m2_cache_dir\org\apache\velocity\velocity\1.7\velocity-1.7.jar;D:\foreman\junit-selenium-hyperexecute-sample-master 2\m2_cache_dir\commons-lang\commons-lang\2.4\commons-lang-2.4.jar;D:\foreman\junit-selenium-hyperexecute-sample-master 2\m2_cache_dir\org\apache\velocity\velocity-tools\2.0\velocity-tools-2.0.jar;D:\foreman\junit-selenium-hyperexecute-sample-master 2\m2_cache_dir\commons-beanutils\commons-beanutils\1.7.0\commons-beanutils-1.7.0.jar;D:\foreman\junit-selenium-hyperexecute-sample-master 2\m2_cache_dir\commons-digester\commons-digester\1.8\commons-digester-1.8.jar;D:\foreman\junit-selenium-hyperexecute-sample-master 2\m2_cache_dir\commons-chain\commons-chain\1.1\commons-chain-1.1.jar;D:\foreman\junit-selenium-hyperexecute-sample-master 2\m2_cache_dir\dom4j\dom4j\1.1\dom4j-1.1.jar;D:\foreman\junit-selenium-hyperexecute-sample-master 2\m2_cache_dir\oro\oro\2.0.8\oro-2.0.8.jar;D:\foreman\junit-selenium-hyperexecute-sample-master 2\m2_cache_dir\commons-collections\commons-collections\3.2.2\commons-collections-3.2.2.jar;D:\foreman\junit-selenium-hyperexecute-sample-master 2\m2_cache_dir\org\apache\maven\doxia\doxia-integration-tools\1.11.1\doxia-integration-tools-1.11.1.jar;D:\foreman\junit-selenium-hyperexecute-sample-master 2\m2_cache_dir\org\eclipse\jetty\jetty-server\9.2.29.v20191105\jetty-server-9.2.29.v20191105.jar;D:\foreman\junit-selenium-hyperexecute-sample-master 2\m2_cache_dir\javax\servlet\javax.servlet-api\3.1.0\javax.servlet-api-3.1.0.jar;D:\foreman\junit-selenium-hyperexecute-sample-master 2\m2_cache_dir\org\eclipse\jetty\jetty-http\9.2.29.v20191105\jetty-http-9.2.29.v20191105.jar;D:\foreman\junit-selenium-hyperexecute-sample-master 2\m2_cache_dir\org\eclipse\jetty\jetty-io\9.2.29.v20191105\jetty-io-9.2.29.v20191105.jar;D:\foreman\junit-selenium-hyperexecute-sample-master 2\m2_cache_dir\org\eclipse\jetty\jetty-servlet\9.2.29.v20191105\jetty-servlet-9.2.29.v20191105.jar;D:\foreman\junit-selenium-hyperexecute-sample-master 2\m2_cache_dir\org\eclipse\jetty\jetty-security\9.2.29.v20191105\jetty-security-9.2.29.v20191105.jar;D:\foreman\junit-selenium-hyperexecute-sample-master 2\m2_cache_dir\org\eclipse\jetty\jetty-webapp\9.2.29.v20191105\jetty-webapp-9.2.29.v20191105.jar;D:\foreman\junit-selenium-hyperexecute-sample-master 2\m2_cache_dir\org\eclipse\jetty\jetty-xml\9.2.29.v20191105\jetty-xml-9.2.29.v20191105.jar;D:\foreman\junit-selenium-hyperexecute-sample-master 2\m2_cache_dir\org\eclipse\jetty\jetty-util\9.2.29.v20191105\jetty-util-9.2.29.v20191105.jar;D:\foreman\junit-selenium-hyperexecute-sample-master 2\m2_cache_dir\commons-io\commons-io\2.6\commons-io-2.6.jar;D:\foreman\junit-selenium-hyperexecute-sample-master 2\m2_cache_dir\org\apache\maven\plugins\maven-surefire-plugin\3.0.0-M5\maven-surefire-plugin-3.0.0-M5.jar;D:\foreman\junit-selenium-hyperexecute-sample-master 2\m2_cache_dir\org\apache\maven\surefire\maven-surefire-common\3.0.0-M5\maven-surefire-common-3.0.0-M5.jar;D:\foreman\junit-selenium-hyperexecute-sample-master 2\m2_cache_dir\org\apache\maven\surefire\surefire-api\3.0.0-M5\surefire-api-3.0.0-M5.jar;D:\foreman\junit-selenium-hyperexecute-sample-master 2\m2_cache_dir\org\apache\maven\surefire\surefire-logger-api\3.0.0-M5\surefire-logger-api-3.0.0-M5.jar;D:\foreman\junit-selenium-hyperexecute-sample-master 2\m2_cache_dir\org\apache\maven\surefire\surefire-extensions-api\3.0.0-M5\surefire-extensions-api-3.0.0-M5.jar;D:\foreman\junit-selenium-hyperexecute-sample-master 2\m2_cache_dir\org\apache\maven\surefire\surefire-booter\3.0.0-M5\surefire-booter-3.0.0-M5.jar;D:\foreman\junit-selenium-hyperexecute-sample-master 2\m2_cache_dir\org\apache\maven\surefire\surefire-extensions-spi\3.0.0-M5\surefire-extensions-spi-3.0.0-M5.jar;D:\foreman\junit-selenium-hyperexecute-sample-master 2\m2_cache_dir\org\apache\maven\maven-toolchain\3.0-alpha-2\maven-toolchain-3.0-alpha-2.jar;D:\foreman\junit-selenium-hyperexecute-sample-master 2\m2_cache_dir\org\apache\maven\shared\maven-artifact-transfer\0.11.0\maven-artifact-transfer-0.11.0.jar;D:\foreman\junit-selenium-hyperexecute-sample-master 2\m2_cache_dir\org\apache\maven\shared\maven-common-artifact-filters\3.0.1\maven-common-artifact-filters-3.0.1.jar;D:\foreman\junit-selenium-hyperexecute-sample-master 2\m2_cache_dir\org\sonatype\sisu\sisu-inject-plexus\1.4.2\sisu-inject-plexus-1.4.2.jar;D:\foreman\junit-selenium-hyperexecute-sample-master 2\m2_cache_dir\org\sonatype\sisu\sisu-inject-bean\1.4.2\sisu-inject-bean-1.4.2.jar;D:\foreman\junit-selenium-hyperexecute-sample-master 2\m2_cache_dir\org\sonatype\sisu\sisu-guice\2.1.7\sisu-guice-2.1.7-noaop.jar;D:\foreman\junit-selenium-hyperexecute-sample-master 2\m2_cache_dir\org\apache\maven\surefire\surefire-shared-utils\3.0.0-M4\surefire-shared-utils-3.0.0-M4.jar;D:\foreman\junit-selenium-hyperexecute-sample-master 2\m2_cache_dir\org\apache\maven\plugins\maven-jxr-plugin\3.1.1\maven-jxr-plugin-3.1.1.jar;D:\foreman\junit-selenium-hyperexecute-sample-master 2\m2_cache_dir\org\apache\maven\maven-jxr\3.1.1\maven-jxr-3.1.1.jar;D:\foreman\junit-selenium-hyperexecute-sample-master 2\m2_cache_dir\org\apache\velocity\velocity-engine-core\2.0\velocity-engine-core-2.0.jar;D:\foreman\junit-selenium-hyperexecute-sample-master 2\m2_cache_dir\org\apache\maven\maven-plugin-api\3.1.1\maven-plugin-api-3.1.1.jar;D:\foreman\junit-selenium-hyperexecute-sample-master 2\m2_cache_dir\org\eclipse\sisu\org.eclipse.sisu.plexus\0.0.0.M5\org.eclipse.sisu.plexus-0.0.0.M5.jar;D:\foreman\junit-selenium-hyperexecute-sample-master 2\m2_cache_dir\javax\enterprise\cdi-api\1.0\cdi-api-1.0.jar;D:\foreman\junit-selenium-hyperexecute-sample-master 2\m2_cache_dir\javax\annotation\jsr250-api\1.0\jsr250-api-1.0.jar;D:\foreman\junit-selenium-hyperexecute-sample-master 2\m2_cache_dir\javax\inject\javax.inject\1\javax.inject-1.jar;D:\foreman\junit-selenium-hyperexecute-sample-master 2\m2_cache_dir\org\sonatype\sisu\sisu-guice\3.1.0\sisu-guice-3.1.0-no_aop.jar;D:\foreman\junit-selenium-hyperexecute-sample-master 2\m2_cache_dir\aopalliance\aopalliance\1.0\aopalliance-1.0.jar;D:\foreman\junit-selenium-hyperexecute-sample-master 2\m2_cache_dir\org\eclipse\sisu\org.eclipse.sisu.inject\0.0.0.M5\org.eclipse.sisu.inject-0.0.0.M5.jar;D:\foreman\junit-selenium-hyperexecute-sample-master 2\m2_cache_dir\org\apache\maven\maven-artifact\3.1.1\maven-artifact-3.1.1.jar;D:\foreman\junit-selenium-hyperexecute-sample-master 2\m2_cache_dir\org\apache\maven\maven-core\3.1.1\maven-core-3.1.1.jar;D:\foreman\junit-selenium-hyperexecute-sample-master 2\m2_cache_dir\org\apache\maven\maven-repository-metadata\3.1.1\maven-repository-metadata-3.1.1.jar;D:\foreman\junit-selenium-hyperexecute-sample-master 2\m2_cache_dir\org\apache\maven\maven-model-builder\3.1.1\maven-model-builder-3.1.1.jar;D:\foreman\junit-selenium-hyperexecute-sample-master 2\m2_cache_dir\org\apache\maven\maven-aether-provider\3.1.1\maven-aether-provider-3.1.1.jar;D:\foreman\junit-selenium-hyperexecute-sample-master 2\m2_cache_dir\org\eclipse\aether\aether-spi\0.9.0.M2\aether-spi-0.9.0.M2.jar;D:\foreman\junit-selenium-hyperexecute-sample-master 2\m2_cache_dir\org\eclipse\aether\aether-impl\0.9.0.M2\aether-impl-0.9.0.M2.jar;D:\foreman\junit-selenium-hyperexecute-sample-master 2\m2_cache_dir\org\eclipse\aether\aether-api\0.9.0.M2\aether-api-0.9.0.M2.jar;D:\foreman\junit-selenium-hyperexecute-sample-master 2\m2_cache_dir\org\codehaus\plexus\plexus-classworlds\2.5.1\plexus-classworlds-2.5.1.jar;D:\foreman\junit-selenium-hyperexecute-sample-master 2\m2_cache_dir\org\sonatype\plexus\plexus-sec-dispatcher\1.3\plexus-sec-dispatcher-1.3.jar;D:\foreman\junit-selenium-hyperexecute-sample-master 2\m2_cache_dir\org\sonatype\plexus\plexus-cipher\1.4\plexus-cipher-1.4.jar;D:\foreman\junit-selenium-hyperexecute-sample-master 2\m2_cache_dir\org\apache\maven\maven-model\3.1.1\maven-model-3.1.1.jar;D:\foreman\junit-selenium-hyperexecute-sample-master 2\m2_cache_dir\org\apache\maven\reporting\maven-reporting-impl\3.0.0\maven-reporting-impl-3.0.0.jar;D:\foreman\junit-selenium-hyperexecute-sample-master 2\m2_cache_dir\org\apache\maven\wagon\wagon-provider-api\2.4\wagon-provider-api-2.4.jar;D:\foreman\junit-selenium-hyperexecute-sample-master 2\m2_cache_dir\org\codehaus\plexus\plexus-java\1.0.6\plexus-java-1.0.6.jar;D:\foreman\junit-selenium-hyperexecute-sample-master 2\m2_cache_dir\org\ow2\asm\asm\9.0\asm-9.0.jar;D:\foreman\junit-selenium-hyperexecute-sample-master 2\m2_cache_dir\com\thoughtworks\qdox\qdox\2.0.0\qdox-2.0.0.jar;"/>
    <property name="java.vm.vendor" value="Oracle Corporation"/>
    <property name="sun.arch.data.model" value="64"/>
    <property name="user.variant" value=""/>
    <property name="java.vendor.url" value="http://java.oracle.com/"/>
    <property name="user.timezone" value="UTC"/>
    <property name="java.vm.specification.version" value="1.8"/>
    <property name="os.name" value="Windows Server 2016"/>
    <property name="user.country" value="US"/>
    <property name="sun.java.launcher" value="SUN_STANDARD"/>
    <property name="sun.boot.library.path" value="C:\Program Files\Java\jdk1.8.0_181\jre\bin"/>
    <property name="sun.java.command" value="D:\Temp\1\surefire2875903823994118843\surefirebooter4350857694389614899.jar D:\Temp\1\surefire2875903823994118843 2023-02-24T12-45-45_301-jvmRun1 surefire5244175874480473332tmp surefire_03295418202984936936tmp"/>
    <property name="test" value="ToDoTest"/>
    <property name="surefire.test.class.path" value="D:\foreman\junit-selenium-hyperexecute-sample-master 2\target\test-classes;D:\foreman\junit-selenium-hyperexecute-sample-master 2\target\classes;D:\foreman\junit-selenium-hyperexecute-sample-master 2\m2_cache_dir\org\seleniumhq\selenium\selenium-java\3.141.59\selenium-java-3.141.59.jar;D:\foreman\junit-selenium-hyperexecute-sample-master 2\m2_cache_dir\org\seleniumhq\selenium\selenium-api\3.141.59\selenium-api-3.141.59.jar;D:\foreman\junit-selenium-hyperexecute-sample-master 2\m2_cache_dir\org\seleniumhq\selenium\selenium-edge-driver\3.141.59\selenium-edge-driver-3.141.59.jar;D:\foreman\junit-selenium-hyperexecute-sample-master 2\m2_cache_dir\org\seleniumhq\selenium\selenium-firefox-driver\3.141.59\selenium-firefox-driver-3.141.59.jar;D:\foreman\junit-selenium-hyperexecute-sample-master 2\m2_cache_dir\org\seleniumhq\selenium\selenium-ie-driver\3.141.59\selenium-ie-driver-3.141.59.jar;D:\foreman\junit-selenium-hyperexecute-sample-master 2\m2_cache_dir\org\seleniumhq\selenium\selenium-opera-driver\3.141.59\selenium-opera-driver-3.141.59.jar;D:\foreman\junit-selenium-hyperexecute-sample-master 2\m2_cache_dir\org\seleniumhq\selenium\selenium-remote-driver\3.141.59\selenium-remote-driver-3.141.59.jar;D:\foreman\junit-selenium-hyperexecute-sample-master 2\m2_cache_dir\org\seleniumhq\selenium\selenium-safari-driver\3.141.59\selenium-safari-driver-3.141.59.jar;D:\foreman\junit-selenium-hyperexecute-sample-master 2\m2_cache_dir\org\seleniumhq\selenium\selenium-support\3.141.59\selenium-support-3.141.59.jar;D:\foreman\junit-selenium-hyperexecute-sample-master 2\m2_cache_dir\net\bytebuddy\byte-buddy\1.8.15\byte-buddy-1.8.15.jar;D:\foreman\junit-selenium-hyperexecute-sample-master 2\m2_cache_dir\org\apache\commons\commons-exec\1.3\commons-exec-1.3.jar;D:\foreman\junit-selenium-hyperexecute-sample-master 2\m2_cache_dir\com\google\guava\guava\25.0-jre\guava-25.0-jre.jar;D:\foreman\junit-selenium-hyperexecute-sample-master 2\m2_cache_dir\com\google\code\findbugs\jsr305\1.3.9\jsr305-1.3.9.jar;D:\foreman\junit-selenium-hyperexecute-sample-master 2\m2_cache_dir\org\checkerframework\checker-compat-qual\2.0.0\checker-compat-qual-2.0.0.jar;D:\foreman\junit-selenium-hyperexecute-sample-master 2\m2_cache_dir\com\google\errorprone\error_prone_annotations\2.1.3\error_prone_annotations-2.1.3.jar;D:\foreman\junit-selenium-hyperexecute-sample-master 2\m2_cache_dir\com\google\j2objc\j2objc-annotations\1.1\j2objc-annotations-1.1.jar;D:\foreman\junit-selenium-hyperexecute-sample-master 2\m2_cache_dir\org\codehaus\mojo\animal-sniffer-annotations\1.14\animal-sniffer-annotations-1.14.jar;D:\foreman\junit-selenium-hyperexecute-sample-master 2\m2_cache_dir\com\squareup\okhttp3\okhttp\3.11.0\okhttp-3.11.0.jar;D:\foreman\junit-selenium-hyperexecute-sample-master 2\m2_cache_dir\com\squareup\okio\okio\1.14.0\okio-1.14.0.jar;D:\foreman\junit-selenium-hyperexecute-sample-master 2\m2_cache_dir\org\seleniumhq\selenium\selenium-chrome-driver\3.141.59\selenium-chrome-driver-3.141.59.jar;D:\foreman\junit-selenium-hyperexecute-sample-master 2\m2_cache_dir\io\github\bonigarcia\webdrivermanager\5.1.0\webdrivermanager-5.1.0.jar;D:\foreman\junit-selenium-hyperexecute-sample-master 2\m2_cache_dir\org\slf4j\slf4j-api\1.7.36\slf4j-api-1.7.36.jar;D:\foreman\junit-selenium-hyperexecute-sample-master 2\m2_cache_dir\com\google\code\gson\gson\2.9.0\gson-2.9.0.jar;D:\foreman\junit-selenium-hyperexecute-sample-master 2\m2_cache_dir\com\github\docker-java\docker-java\3.2.13\docker-java-3.2.13.jar;D:\foreman\junit-selenium-hyperexecute-sample-master 2\m2_cache_dir\com\github\docker-java\docker-java-core\3.2.13\docker-java-core-3.2.13.jar;D:\foreman\junit-selenium-hyperexecute-sample-master 2\m2_cache_dir\com\github\docker-java\docker-java-api\3.2.13\docker-java-api-3.2.13.jar;D:\foreman\junit-selenium-hyperexecute-sample-master 2\m2_cache_dir\com\fasterxml\jackson\core\jackson-annotations\2.10.3\jackson-annotations-2.10.3.jar;D:\foreman\junit-selenium-hyperexecute-sample-master 2\m2_cache_dir\com\fasterxml\jackson\core\jackson-databind\2.10.3\jackson-databind-2.10.3.jar;D:\foreman\junit-selenium-hyperexecute-sample-master 2\m2_cache_dir\com\fasterxml\jackson\core\jackson-core\2.10.3\jackson-core-2.10.3.jar;D:\foreman\junit-selenium-hyperexecute-sample-master 2\m2_cache_dir\org\bouncycastle\bcpkix-jdk15on\1.64\bcpkix-jdk15on-1.64.jar;D:\foreman\junit-selenium-hyperexecute-sample-master 2\m2_cache_dir\org\bouncycastle\bcprov-jdk15on\1.64\bcprov-jdk15on-1.64.jar;D:\foreman\junit-selenium-hyperexecute-sample-master 2\m2_cache_dir\org\slf4j\jcl-over-slf4j\1.7.30\jcl-over-slf4j-1.7.30.jar;D:\foreman\junit-selenium-hyperexecute-sample-master 2\m2_cache_dir\com\github\docker-java\docker-java-transport-httpclient5\3.2.13\docker-java-transport-httpclient5-3.2.13.jar;D:\foreman\junit-selenium-hyperexecute-sample-master 2\m2_cache_dir\com\github\docker-java\docker-java-transport\3.2.13\docker-java-transport-3.2.13.jar;D:\foreman\junit-selenium-hyperexecute-sample-master 2\m2_cache_dir\org\apache\httpcomponents\client5\httpclient5\5.0.3\httpclient5-5.0.3.jar;D:\foreman\junit-selenium-hyperexecute-sample-master 2\m2_cache_dir\org\apache\httpcomponents\core5\httpcore5\5.0.2\httpcore5-5.0.2.jar;D:\foreman\junit-selenium-hyperexecute-sample-master 2\m2_cache_dir\commons-codec\commons-codec\1.13\commons-codec-1.13.jar;D:\foreman\junit-selenium-hyperexecute-sample-master 2\m2_cache_dir\net\java\dev\jna\jna\5.8.0\jna-5.8.0.jar;D:\foreman\junit-selenium-hyperexecute-sample-master 2\m2_cache_dir\org\brotli\dec\0.1.2\dec-0.1.2.jar;D:\foreman\junit-selenium-hyperexecute-sample-master 2\m2_cache_dir\org\apache\commons\commons-lang3\3.12.0\commons-lang3-3.12.0.jar;D:\foreman\junit-selenium-hyperexecute-sample-master 2\m2_cache_dir\org\slf4j\slf4j-nop\1.7.28\slf4j-nop-1.7.28.jar;D:\foreman\junit-selenium-hyperexecute-sample-master 2\m2_cache_dir\org\junit\jupiter\junit-jupiter-api\5.8.2\junit-jupiter-api-5.8.2.jar;D:\foreman\junit-selenium-hyperexecute-sample-master 2\m2_cache_dir\org\opentest4j\opentest4j\1.2.0\opentest4j-1.2.0.jar;D:\foreman\junit-selenium-hyperexecute-sample-master 2\m2_cache_dir\org\junit\platform\junit-platform-commons\1.8.2\junit-platform-commons-1.8.2.jar;D:\foreman\junit-selenium-hyperexecute-sample-master 2\m2_cache_dir\org\apiguardian\apiguardian-api\1.1.2\apiguardian-api-1.1.2.jar;D:\foreman\junit-selenium-hyperexecute-sample-master 2\m2_cache_dir\org\junit\jupiter\junit-jupiter-params\5.8.2\junit-jupiter-params-5.8.2.jar;D:\foreman\junit-selenium-hyperexecute-sample-master 2\m2_cache_dir\org\apache\maven\plugins\maven-site-plugin\3.11.0\maven-site-plugin-3.11.0.jar;D:\foreman\junit-selenium-hyperexecute-sample-master 2\m2_cache_dir\org\apache\maven\reporting\maven-reporting-api\3.1.0\maven-reporting-api-3.1.0.jar;D:\foreman\junit-selenium-hyperexecute-sample-master 2\m2_cache_dir\org\apache\maven\reporting\maven-reporting-exec\1.6.0\maven-reporting-exec-1.6.0.jar;D:\foreman\junit-selenium-hyperexecute-sample-master 2\m2_cache_dir\org\apache\maven\maven-settings\3.2.5\maven-settings-3.2.5.jar;D:\foreman\junit-selenium-hyperexecute-sample-master 2\m2_cache_dir\org\apache\maven\maven-settings-builder\3.2.5\maven-settings-builder-3.2.5.jar;D:\foreman\junit-selenium-hyperexecute-sample-master 2\m2_cache_dir\org\eclipse\aether\aether-util\1.0.0.v20140518\aether-util-1.0.0.v20140518.jar;D:\foreman\junit-selenium-hyperexecute-sample-master 2\m2_cache_dir\org\apache\maven\shared\maven-shared-utils\3.3.4\maven-shared-utils-3.3.4.jar;D:\foreman\junit-selenium-hyperexecute-sample-master 2\m2_cache_dir\org\apache\maven\maven-archiver\3.5.2\maven-archiver-3.5.2.jar;D:\foreman\junit-selenium-hyperexecute-sample-master 2\m2_cache_dir\org\apache\commons\commons-compress\1.20\commons-compress-1.20.jar;D:\foreman\junit-selenium-hyperexecute-sample-master 2\m2_cache_dir\org\codehaus\plexus\plexus-interpolation\1.26\plexus-interpolation-1.26.jar;D:\foreman\junit-selenium-hyperexecute-sample-master 2\m2_cache_dir\org\codehaus\plexus\plexus-archiver\4.2.5\plexus-archiver-4.2.5.jar;D:\foreman\junit-selenium-hyperexecute-sample-master 2\m2_cache_dir\org\codehaus\plexus\plexus-io\3.2.0\plexus-io-3.2.0.jar;D:\foreman\junit-selenium-hyperexecute-sample-master 2\m2_cache_dir\org\iq80\snappy\snappy\0.4\snappy-0.4.jar;D:\foreman\junit-selenium-hyperexecute-sample-master 2\m2_cache_dir\org\tukaani\xz\1.9\xz-1.9.jar;D:\foreman\junit-selenium-hyperexecute-sample-master 2\m2_cache_dir\org\codehaus\plexus\plexus-i18n\1.0-beta-10\plexus-i18n-1.0-beta-10.jar;D:\foreman\junit-selenium-hyperexecute-sample-master 2\m2_cache_dir\org\codehaus\plexus\plexus-utils\3.3.0\plexus-utils-3.3.0.jar;D:\foreman\junit-selenium-hyperexecute-sample-master 2\m2_cache_dir\org\apache\maven\doxia\doxia-sink-api\1.11.1\doxia-sink-api-1.11.1.jar;D:\foreman\junit-selenium-hyperexecute-sample-master 2\m2_cache_dir\org\apache\maven\doxia\doxia-logging-api\1.11.1\doxia-logging-api-1.11.1.jar;D:\foreman\junit-selenium-hyperexecute-sample-master 2\m2_cache_dir\org\apache\maven\doxia\doxia-core\1.11.1\doxia-core-1.11.1.jar;D:\foreman\junit-selenium-hyperexecute-sample-master 2\m2_cache_dir\org\codehaus\plexus\plexus-container-default\2.1.0\plexus-container-default-2.1.0.jar;D:\foreman\junit-selenium-hyperexecute-sample-master 2\m2_cache_dir\org\apache\xbean\xbean-reflect\3.7\xbean-reflect-3.7.jar;D:\foreman\junit-selenium-hyperexecute-sample-master 2\m2_cache_dir\com\google\collections\google-collections\1.0\google-collections-1.0.jar;D:\foreman\junit-selenium-hyperexecute-sample-master 2\m2_cache_dir\org\codehaus\plexus\plexus-component-annotations\2.1.0\plexus-component-annotations-2.1.0.jar;D:\foreman\junit-selenium-hyperexecute-sample-master 2\m2_cache_dir\org\apache\commons\commons-text\1.3\commons-text-1.3.jar;D:\foreman\junit-selenium-hyperexecute-sample-master 2\m2_cache_dir\org\apache\httpcomponents\httpclient\4.5.13\httpclient-4.5.13.jar;D:\foreman\junit-selenium-hyperexecute-sample-master 2\m2_cache_dir\commons-logging\commons-logging\1.2\commons-logging-1.2.jar;D:\foreman\junit-selenium-hyperexecute-sample-master 2\m2_cache_dir\org\apache\httpcomponents\httpcore\4.4.14\httpcore-4.4.14.jar;D:\foreman\junit-selenium-hyperexecute-sample-master 2\m2_cache_dir\org\apache\maven\doxia\doxia-module-xhtml\1.11.1\doxia-module-xhtml-1.11.1.jar;D:\foreman\junit-selenium-hyperexecute-sample-master 2\m2_cache_dir\org\apache\maven\doxia\doxia-module-xhtml5\1.11.1\doxia-module-xhtml5-1.11.1.jar;D:\foreman\junit-selenium-hyperexecute-sample-master 2\m2_cache_dir\org\apache\maven\doxia\doxia-module-apt\1.11.1\doxia-module-apt-1.11.1.jar;D:\foreman\junit-selenium-hyperexecute-sample-master 2\m2_cache_dir\org\apache\maven\doxia\doxia-module-xdoc\1.11.1\doxia-module-xdoc-1.11.1.jar;D:\foreman\junit-selenium-hyperexecute-sample-master 2\m2_cache_dir\org\apache\maven\doxia\doxia-module-fml\1.11.1\doxia-module-fml-1.11.1.jar;D:\foreman\junit-selenium-hyperexecute-sample-master 2\m2_cache_dir\org\apache\maven\doxia\doxia-module-markdown\1.11.1\doxia-module-markdown-1.11.1.jar;D:\foreman\junit-selenium-hyperexecute-sample-master 2\m2_cache_dir\com\vladsch\flexmark\flexmark-all\0.42.14\flexmark-all-0.42.14.jar;D:\foreman\junit-selenium-hyperexecute-sample-master 2\m2_cache_dir\com\vladsch\flexmark\flexmark\0.42.14\flexmark-0.42.14.jar;D:\foreman\junit-selenium-hyperexecute-sample-master 2\m2_cache_dir\com\vladsch\flexmark\flexmark-ext-abbreviation\0.42.14\flexmark-ext-abbreviation-0.42.14.jar;D:\foreman\junit-selenium-hyperexecute-sample-master 2\m2_cache_dir\com\vladsch\flexmark\flexmark-ext-admonition\0.42.14\flexmark-ext-admonition-0.42.14.jar;D:\foreman\junit-selenium-hyperexecute-sample-master 2\m2_cache_dir\com\vladsch\flexmark\flexmark-ext-anchorlink\0.42.14\flexmark-ext-anchorlink-0.42.14.jar;D:\foreman\junit-selenium-hyperexecute-sample-master 2\m2_cache_dir\com\vladsch\flexmark\flexmark-ext-aside\0.42.14\flexmark-ext-aside-0.42.14.jar;D:\foreman\junit-selenium-hyperexecute-sample-master 2\m2_cache_dir\com\vladsch\flexmark\flexmark-ext-attributes\0.42.14\flexmark-ext-attributes-0.42.14.jar;D:\foreman\junit-selenium-hyperexecute-sample-master 2\m2_cache_dir\com\vladsch\flexmark\flexmark-ext-autolink\0.42.14\flexmark-ext-autolink-0.42.14.jar;D:\foreman\junit-selenium-hyperexecute-sample-master 2\m2_cache_dir\org\nibor\autolink\autolink\0.6.0\autolink-0.6.0.jar;D:\foreman\junit-selenium-hyperexecute-sample-master 2\m2_cache_dir\com\vladsch\flexmark\flexmark-ext-definition\0.42.14\flexmark-ext-definition-0.42.14.jar;D:\foreman\junit-selenium-hyperexecute-sample-master 2\m2_cache_dir\com\vladsch\flexmark\flexmark-ext-emoji\0.42.14\flexmark-ext-emoji-0.42.14.jar;D:\foreman\junit-selenium-hyperexecute-sample-master 2\m2_cache_dir\com\vladsch\flexmark\flexmark-ext-enumerated-reference\0.42.14\flexmark-ext-enumerated-reference-0.42.14.jar;D:\foreman\junit-selenium-hyperexecute-sample-master 2\m2_cache_dir\com\vladsch\flexmark\flexmark-ext-escaped-character\0.42.14\flexmark-ext-escaped-character-0.42.14.jar;D:\foreman\junit-selenium-hyperexecute-sample-master 2\m2_cache_dir\com\vladsch\flexmark\flexmark-ext-footnotes\0.42.14\flexmark-ext-footnotes-0.42.14.jar;D:\foreman\junit-selenium-hyperexecute-sample-master 2\m2_cache_dir\com\vladsch\flexmark\flexmark-ext-gfm-issues\0.42.14\flexmark-ext-gfm-issues-0.42.14.jar;D:\foreman\junit-selenium-hyperexecute-sample-master 2\m2_cache_dir\com\vladsch\flexmark\flexmark-ext-gfm-strikethrough\0.42.14\flexmark-ext-gfm-strikethrough-0.42.14.jar;D:\foreman\junit-selenium-hyperexecute-sample-master 2\m2_cache_dir\com\vladsch\flexmark\flexmark-ext-gfm-tables\0.42.14\flexmark-ext-gfm-tables-0.42.14.jar;D:\foreman\junit-selenium-hyperexecute-sample-master 2\m2_cache_dir\com\vladsch\flexmark\flexmark-ext-gfm-tasklist\0.42.14\flexmark-ext-gfm-tasklist-0.42.14.jar;D:\foreman\junit-selenium-hyperexecute-sample-master 2\m2_cache_dir\com\vladsch\flexmark\flexmark-ext-gfm-users\0.42.14\flexmark-ext-gfm-users-0.42.14.jar;D:\foreman\junit-selenium-hyperexecute-sample-master 2\m2_cache_dir\com\vladsch\flexmark\flexmark-ext-gitlab\0.42.14\flexmark-ext-gitlab-0.42.14.jar;D:\foreman\junit-selenium-hyperexecute-sample-master 2\m2_cache_dir\com\vladsch\flexmark\flexmark-ext-jekyll-front-matter\0.42.14\flexmark-ext-jekyll-front-matter-0.42.14.jar;D:\foreman\junit-selenium-hyperexecute-sample-master 2\m2_cache_dir\com\vladsch\flexmark\flexmark-ext-jekyll-tag\0.42.14\flexmark-ext-jekyll-tag-0.42.14.jar;D:\foreman\junit-selenium-hyperexecute-sample-master 2\m2_cache_dir\com\vladsch\flexmark\flexmark-ext-media-tags\0.42.14\flexmark-ext-media-tags-0.42.14.jar;D:\foreman\junit-selenium-hyperexecute-sample-master 2\m2_cache_dir\com\vladsch\flexmark\flexmark-ext-macros\0.42.14\flexmark-ext-macros-0.42.14.jar;D:\foreman\junit-selenium-hyperexecute-sample-master 2\m2_cache_dir\com\vladsch\flexmark\flexmark-ext-ins\0.42.14\flexmark-ext-ins-0.42.14.jar;D:\foreman\junit-selenium-hyperexecute-sample-master 2\m2_cache_dir\com\vladsch\flexmark\flexmark-ext-xwiki-macros\0.42.14\flexmark-ext-xwiki-macros-0.42.14.jar;D:\foreman\junit-selenium-hyperexecute-sample-master 2\m2_cache_dir\com\vladsch\flexmark\flexmark-ext-superscript\0.42.14\flexmark-ext-superscript-0.42.14.jar;D:\foreman\junit-selenium-hyperexecute-sample-master 2\m2_cache_dir\com\vladsch\flexmark\flexmark-ext-tables\0.42.14\flexmark-ext-tables-0.42.14.jar;D:\foreman\junit-selenium-hyperexecute-sample-master 2\m2_cache_dir\com\vladsch\flexmark\flexmark-ext-toc\0.42.14\flexmark-ext-toc-0.42.14.jar;D:\foreman\junit-selenium-hyperexecute-sample-master 2\m2_cache_dir\com\vladsch\flexmark\flexmark-ext-typographic\0.42.14\flexmark-ext-typographic-0.42.14.jar;D:\foreman\junit-selenium-hyperexecute-sample-master 2\m2_cache_dir\com\vladsch\flexmark\flexmark-ext-wikilink\0.42.14\flexmark-ext-wikilink-0.42.14.jar;D:\foreman\junit-selenium-hyperexecute-sample-master 2\m2_cache_dir\com\vladsch\flexmark\flexmark-ext-yaml-front-matter\0.42.14\flexmark-ext-yaml-front-matter-0.42.14.jar;D:\foreman\junit-selenium-hyperexecute-sample-master 2\m2_cache_dir\com\vladsch\flexmark\flexmark-ext-youtube-embedded\0.42.14\flexmark-ext-youtube-embedded-0.42.14.jar;D:\foreman\junit-selenium-hyperexecute-sample-master 2\m2_cache_dir\com\vladsch\flexmark\flexmark-formatter\0.42.14\flexmark-formatter-0.42.14.jar;D:\foreman\junit-selenium-hyperexecute-sample-master 2\m2_cache_dir\com\vladsch\flexmark\flexmark-html-parser\0.42.14\flexmark-html-parser-0.42.14.jar;D:\foreman\junit-selenium-hyperexecute-sample-master 2\m2_cache_dir\org\jsoup\jsoup\1.10.2\jsoup-1.10.2.jar;D:\foreman\junit-selenium-hyperexecute-sample-master 2\m2_cache_dir\com\vladsch\flexmark\flexmark-jira-converter\0.42.14\flexmark-jira-converter-0.42.14.jar;D:\foreman\junit-selenium-hyperexecute-sample-master 2\m2_cache_dir\com\vladsch\flexmark\flexmark-profile-pegdown\0.42.14\flexmark-profile-pegdown-0.42.14.jar;D:\foreman\junit-selenium-hyperexecute-sample-master 2\m2_cache_dir\com\vladsch\flexmark\flexmark-util\0.42.14\flexmark-util-0.42.14.jar;D:\foreman\junit-selenium-hyperexecute-sample-master 2\m2_cache_dir\com\vladsch\flexmark\flexmark-youtrack-converter\0.42.14\flexmark-youtrack-converter-0.42.14.jar;D:\foreman\junit-selenium-hyperexecute-sample-master 2\m2_cache_dir\org\apache\maven\doxia\doxia-module-confluence\1.11.1\doxia-module-confluence-1.11.1.jar;D:\foreman\junit-selenium-hyperexecute-sample-master 2\m2_cache_dir\org\apache\maven\doxia\doxia-module-docbook-simple\1.11.1\doxia-module-docbook-simple-1.11.1.jar;D:\foreman\junit-selenium-hyperexecute-sample-master 2\m2_cache_dir\org\apache\maven\doxia\doxia-module-twiki\1.11.1\doxia-module-twiki-1.11.1.jar;D:\foreman\junit-selenium-hyperexecute-sample-master 2\m2_cache_dir\org\apache\maven\doxia\doxia-decoration-model\1.11.1\doxia-decoration-model-1.11.1.jar;D:\foreman\junit-selenium-hyperexecute-sample-master 2\m2_cache_dir\org\apache\maven\doxia\doxia-site-renderer\1.11.1\doxia-site-renderer-1.11.1.jar;D:\foreman\junit-selenium-hyperexecute-sample-master 2\m2_cache_dir\org\apache\maven\doxia\doxia-skin-model\1.11.1\doxia-skin-model-1.11.1.jar;D:\foreman\junit-selenium-hyperexecute-sample-master 2\m2_cache_dir\org\codehaus\plexus\plexus-velocity\1.2\plexus-velocity-1.2.jar;D:\foreman\junit-selenium-hyperexecute-sample-master 2\m2_cache_dir\org\apache\velocity\velocity\1.7\velocity-1.7.jar;D:\foreman\junit-selenium-hyperexecute-sample-master 2\m2_cache_dir\commons-lang\commons-lang\2.4\commons-lang-2.4.jar;D:\foreman\junit-selenium-hyperexecute-sample-master 2\m2_cache_dir\org\apache\velocity\velocity-tools\2.0\velocity-tools-2.0.jar;D:\foreman\junit-selenium-hyperexecute-sample-master 2\m2_cache_dir\commons-beanutils\commons-beanutils\1.7.0\commons-beanutils-1.7.0.jar;D:\foreman\junit-selenium-hyperexecute-sample-master 2\m2_cache_dir\commons-digester\commons-digester\1.8\commons-digester-1.8.jar;D:\foreman\junit-selenium-hyperexecute-sample-master 2\m2_cache_dir\commons-chain\commons-chain\1.1\commons-chain-1.1.jar;D:\foreman\junit-selenium-hyperexecute-sample-master 2\m2_cache_dir\dom4j\dom4j\1.1\dom4j-1.1.jar;D:\foreman\junit-selenium-hyperexecute-sample-master 2\m2_cache_dir\oro\oro\2.0.8\oro-2.0.8.jar;D:\foreman\junit-selenium-hyperexecute-sample-master 2\m2_cache_dir\commons-collections\commons-collections\3.2.2\commons-collections-3.2.2.jar;D:\foreman\junit-selenium-hyperexecute-sample-master 2\m2_cache_dir\org\apache\maven\doxia\doxia-integration-tools\1.11.1\doxia-integration-tools-1.11.1.jar;D:\foreman\junit-selenium-hyperexecute-sample-master 2\m2_cache_dir\org\eclipse\jetty\jetty-server\9.2.29.v20191105\jetty-server-9.2.29.v20191105.jar;D:\foreman\junit-selenium-hyperexecute-sample-master 2\m2_cache_dir\javax\servlet\javax.servlet-api\3.1.0\javax.servlet-api-3.1.0.jar;D:\foreman\junit-selenium-hyperexecute-sample-master 2\m2_cache_dir\org\eclipse\jetty\jetty-http\9.2.29.v20191105\jetty-http-9.2.29.v20191105.jar;D:\foreman\junit-selenium-hyperexecute-sample-master 2\m2_cache_dir\org\eclipse\jetty\jetty-io\9.2.29.v20191105\jetty-io-9.2.29.v20191105.jar;D:\foreman\junit-selenium-hyperexecute-sample-master 2\m2_cache_dir\org\eclipse\jetty\jetty-servlet\9.2.29.v20191105\jetty-servlet-9.2.29.v20191105.jar;D:\foreman\junit-selenium-hyperexecute-sample-master 2\m2_cache_dir\org\eclipse\jetty\jetty-security\9.2.29.v20191105\jetty-security-9.2.29.v20191105.jar;D:\foreman\junit-selenium-hyperexecute-sample-master 2\m2_cache_dir\org\eclipse\jetty\jetty-webapp\9.2.29.v20191105\jetty-webapp-9.2.29.v20191105.jar;D:\foreman\junit-selenium-hyperexecute-sample-master 2\m2_cache_dir\org\eclipse\jetty\jetty-xml\9.2.29.v20191105\jetty-xml-9.2.29.v20191105.jar;D:\foreman\junit-selenium-hyperexecute-sample-master 2\m2_cache_dir\org\eclipse\jetty\jetty-util\9.2.29.v20191105\jetty-util-9.2.29.v20191105.jar;D:\foreman\junit-selenium-hyperexecute-sample-master 2\m2_cache_dir\commons-io\commons-io\2.6\commons-io-2.6.jar;D:\foreman\junit-selenium-hyperexecute-sample-master 2\m2_cache_dir\org\apache\maven\plugins\maven-surefire-plugin\3.0.0-M5\maven-surefire-plugin-3.0.0-M5.jar;D:\foreman\junit-selenium-hyperexecute-sample-master 2\m2_cache_dir\org\apache\maven\surefire\maven-surefire-common\3.0.0-M5\maven-surefire-common-3.0.0-M5.jar;D:\foreman\junit-selenium-hyperexecute-sample-master 2\m2_cache_dir\org\apache\maven\surefire\surefire-api\3.0.0-M5\surefire-api-3.0.0-M5.jar;D:\foreman\junit-selenium-hyperexecute-sample-master 2\m2_cache_dir\org\apache\maven\surefire\surefire-logger-api\3.0.0-M5\surefire-logger-api-3.0.0-M5.jar;D:\foreman\junit-selenium-hyperexecute-sample-master 2\m2_cache_dir\org\apache\maven\surefire\surefire-extensions-api\3.0.0-M5\surefire-extensions-api-3.0.0-M5.jar;D:\foreman\junit-selenium-hyperexecute-sample-master 2\m2_cache_dir\org\apache\maven\surefire\surefire-booter\3.0.0-M5\surefire-booter-3.0.0-M5.jar;D:\foreman\junit-selenium-hyperexecute-sample-master 2\m2_cache_dir\org\apache\maven\surefire\surefire-extensions-spi\3.0.0-M5\surefire-extensions-spi-3.0.0-M5.jar;D:\foreman\junit-selenium-hyperexecute-sample-master 2\m2_cache_dir\org\apache\maven\maven-toolchain\3.0-alpha-2\maven-toolchain-3.0-alpha-2.jar;D:\foreman\junit-selenium-hyperexecute-sample-master 2\m2_cache_dir\org\apache\maven\shared\maven-artifact-transfer\0.11.0\maven-artifact-transfer-0.11.0.jar;D:\foreman\junit-selenium-hyperexecute-sample-master 2\m2_cache_dir\org\apache\maven\shared\maven-common-artifact-filters\3.0.1\maven-common-artifact-filters-3.0.1.jar;D:\foreman\junit-selenium-hyperexecute-sample-master 2\m2_cache_dir\org\sonatype\sisu\sisu-inject-plexus\1.4.2\sisu-inject-plexus-1.4.2.jar;D:\foreman\junit-selenium-hyperexecute-sample-master 2\m2_cache_dir\org\sonatype\sisu\sisu-inject-bean\1.4.2\sisu-inject-bean-1.4.2.jar;D:\foreman\junit-selenium-hyperexecute-sample-master 2\m2_cache_dir\org\sonatype\sisu\sisu-guice\2.1.7\sisu-guice-2.1.7-noaop.jar;D:\foreman\junit-selenium-hyperexecute-sample-master 2\m2_cache_dir\org\apache\maven\surefire\surefire-shared-utils\3.0.0-M4\surefire-shared-utils-3.0.0-M4.jar;D:\foreman\junit-selenium-hyperexecute-sample-master 2\m2_cache_dir\org\apache\maven\plugins\maven-jxr-plugin\3.1.1\maven-jxr-plugin-3.1.1.jar;D:\foreman\junit-selenium-hyperexecute-sample-master 2\m2_cache_dir\org\apache\maven\maven-jxr\3.1.1\maven-jxr-3.1.1.jar;D:\foreman\junit-selenium-hyperexecute-sample-master 2\m2_cache_dir\org\apache\velocity\velocity-engine-core\2.0\velocity-engine-core-2.0.jar;D:\foreman\junit-selenium-hyperexecute-sample-master 2\m2_cache_dir\org\apache\maven\maven-plugin-api\3.1.1\maven-plugin-api-3.1.1.jar;D:\foreman\junit-selenium-hyperexecute-sample-master 2\m2_cache_dir\org\eclipse\sisu\org.eclipse.sisu.plexus\0.0.0.M5\org.eclipse.sisu.plexus-0.0.0.M5.jar;D:\foreman\junit-selenium-hyperexecute-sample-master 2\m2_cache_dir\javax\enterprise\cdi-api\1.0\cdi-api-1.0.jar;D:\foreman\junit-selenium-hyperexecute-sample-master 2\m2_cache_dir\javax\annotation\jsr250-api\1.0\jsr250-api-1.0.jar;D:\foreman\junit-selenium-hyperexecute-sample-master 2\m2_cache_dir\javax\inject\javax.inject\1\javax.inject-1.jar;D:\foreman\junit-selenium-hyperexecute-sample-master 2\m2_cache_dir\org\sonatype\sisu\sisu-guice\3.1.0\sisu-guice-3.1.0-no_aop.jar;D:\foreman\junit-selenium-hyperexecute-sample-master 2\m2_cache_dir\aopalliance\aopalliance\1.0\aopalliance-1.0.jar;D:\foreman\junit-selenium-hyperexecute-sample-master 2\m2_cache_dir\org\eclipse\sisu\org.eclipse.sisu.inject\0.0.0.M5\org.eclipse.sisu.inject-0.0.0.M5.jar;D:\foreman\junit-selenium-hyperexecute-sample-master 2\m2_cache_dir\org\apache\maven\maven-artifact\3.1.1\maven-artifact-3.1.1.jar;D:\foreman\junit-selenium-hyperexecute-sample-master 2\m2_cache_dir\org\apache\maven\maven-core\3.1.1\maven-core-3.1.1.jar;D:\foreman\junit-selenium-hyperexecute-sample-master 2\m2_cache_dir\org\apache\maven\maven-repository-metadata\3.1.1\maven-repository-metadata-3.1.1.jar;D:\foreman\junit-selenium-hyperexecute-sample-master 2\m2_cache_dir\org\apache\maven\maven-model-builder\3.1.1\maven-model-builder-3.1.1.jar;D:\foreman\junit-selenium-hyperexecute-sample-master 2\m2_cache_dir\org\apache\maven\maven-aether-provider\3.1.1\maven-aether-provider-3.1.1.jar;D:\foreman\junit-selenium-hyperexecute-sample-master 2\m2_cache_dir\org\eclipse\aether\aether-spi\0.9.0.M2\aether-spi-0.9.0.M2.jar;D:\foreman\junit-selenium-hyperexecute-sample-master 2\m2_cache_dir\org\eclipse\aether\aether-impl\0.9.0.M2\aether-impl-0.9.0.M2.jar;D:\foreman\junit-selenium-hyperexecute-sample-master 2\m2_cache_dir\org\eclipse\aether\aether-api\0.9.0.M2\aether-api-0.9.0.M2.jar;D:\foreman\junit-selenium-hyperexecute-sample-master 2\m2_cache_dir\org\codehaus\plexus\plexus-classworlds\2.5.1\plexus-classworlds-2.5.1.jar;D:\foreman\junit-selenium-hyperexecute-sample-master 2\m2_cache_dir\org\sonatype\plexus\plexus-sec-dispatcher\1.3\plexus-sec-dispatcher-1.3.jar;D:\foreman\junit-selenium-hyperexecute-sample-master 2\m2_cache_dir\org\sonatype\plexus\plexus-cipher\1.4\plexus-cipher-1.4.jar;D:\foreman\junit-selenium-hyperexecute-sample-master 2\m2_cache_dir\org\apache\maven\maven-model\3.1.1\maven-model-3.1.1.jar;D:\foreman\junit-selenium-hyperexecute-sample-master 2\m2_cache_dir\org\apache\maven\reporting\maven-reporting-impl\3.0.0\maven-reporting-impl-3.0.0.jar;D:\foreman\junit-selenium-hyperexecute-sample-master 2\m2_cache_dir\org\apache\maven\wagon\wagon-provider-api\2.4\wagon-provider-api-2.4.jar;D:\foreman\junit-selenium-hyperexecute-sample-master 2\m2_cache_dir\org\codehaus\plexus\plexus-java\1.0.6\plexus-java-1.0.6.jar;D:\foreman\junit-selenium-hyperexecute-sample-master 2\m2_cache_dir\org\ow2\asm\asm\9.0\asm-9.0.jar;D:\foreman\junit-selenium-hyperexecute-sample-master 2\m2_cache_dir\com\thoughtworks\qdox\qdox\2.0.0\qdox-2.0.0.jar;"/>
    <property name="sun.cpu.endian" value="little"/>
    <property name="user.home" value="C:\Users\ltuser.ghtestVM"/>
    <property name="user.language" value="en"/>
    <property name="java.specification.vendor" value="Oracle Corporation"/>
    <property name="java.home" value="C:\Program Files\Java\jdk1.8.0_181\jre"/>
    <property name="basedir" value="D:\foreman\junit-selenium-hyperexecute-sample-master 2"/>
    <property name="file.separator" value="\"/>
    <property name="line.separator" value="&#10;"/>
    <property name="java.vm.specification.vendor" value="Oracle Corporation"/>
    <property name="java.specification.name" value="Java Platform API Specification"/>
    <property name="java.awt.graphicsenv" value="sun.awt.Win32GraphicsEnvironment"/>
    <property name="surefire.real.class.path" value="D:\Temp\1\surefire2875903823994118843\surefirebooter4350857694389614899.jar"/>
    <property name="sun.boot.class.path" value="C:\Program Files\Java\jdk1.8.0_181\jre\lib\resources.jar;C:\Program Files\Java\jdk1.8.0_181\jre\lib\rt.jar;C:\Program Files\Java\jdk1.8.0_181\jre\lib\sunrsasign.jar;C:\Program Files\Java\jdk1.8.0_181\jre\lib\jsse.jar;C:\Program Files\Java\jdk1.8.0_181\jre\lib\jce.jar;C:\Program Files\Java\jdk1.8.0_181\jre\lib\charsets.jar;C:\Program Files\Java\jdk1.8.0_181\jre\lib\jfr.jar;C:\Program Files\Java\jdk1.8.0_181\jre\classes"/>
    <property name="user.script" value=""/>
    <property name="sun.management.compiler" value="HotSpot 64-Bit Tiered Compilers"/>
    <property name="java.runtime.version" value="1.8.0_181-b13"/>
    <property name="user.name" value="ltuser"/>
    <property name="path.separator" value=";"/>
    <property name="os.version" value="10.0"/>
    <property name="java.endorsed.dirs" value="C:\Program Files\Java\jdk1.8.0_181\jre\lib\endorsed"/>
    <property name="java.runtime.name" value="Java(TM) SE Runtime Environment"/>
    <property name="file.encoding" value="Cp1252"/>
    <property name="java.vm.name" value="Java HotSpot(TM) 64-Bit Server VM"/>
    <property name="localRepository" value="D:\foreman\junit-selenium-hyperexecute-sample-master 2\m2_cache_dir"/>
    <property name="java.vendor.url.bug" value="http://bugreport.sun.com/bugreport/"/>
    <property name="java.io.tmpdir" value="D:\Temp\1\"/>
    <property name="java.version" value="1.8.0_181"/>
    <property name="user.dir" value="D:\foreman\junit-selenium-hyperexecute-sample-master 2"/>
    <property name="os.arch" value="amd64"/>
    <property name="java.vm.specification.name" value="Java Virtual Machine Specification"/>
    <property name="java.awt.printerjob" value="sun.awt.windows.WPrinterJob"/>
    <property name="sun.os.patch.level" value=""/>
    <property name="java.library.path" value="C:\Program Files\Java\jdk1.8.0_181\jre\bin;C:\windows\Sun\Java\bin;C:\windows\system32;C:\windows;C:\Program Files (x86)\TRICENTIS\Tosca Testsuite\ToscaCommander;;C:\Program Files\Java\jdk1.8.0_181\bin;C:\Program Files\Eclipse Adoptium\jdk-11.0.14.9-hotspot\bin;C:\Program Files\Common Files\Oracle\Java\javapath;C:\tools\ruby27\bin;C:\Program Files\Katalon_Studio_Engine_Windows_64-8.3.5;C:\Ruby30-x64\bin;C:\gradle-6.9.1\bin;C:\tools\php-7.1;C:\tools\php-7.0;C:\PROGRA~1\MongoDB\Server\4.4\bin;C:\vcpkg;C:\cf-cli;C:\PROGRA~2\NSIS\;C:\PROGRA~1\MERCUR~1\;C:\HOSTED~1\windows\stack\25D33C~1.1\x64;C:\PROGRA~3\chocolatey\lib\GHC810~1.4\tools\GHC-81~1.4\bin;C:\PROGRA~1\dotnet;C:\MYSQL-~1.21-\bin;C:\PROGRA~1\R\R-40~1.3\bin\x64;C:\SELENI~1\GECKOD~1;C:\Rust\CARGO~1\bin;C:\PROGRA~2\GITHUB~1;C:\PROGRA~1\Git\bin;C:\PROGRA~2\sbt\bin;C:\PROGRA~2\pipx_bin;C:\HOSTED~1\windows\go\115~1.8\x64\bin;C:\HOSTED~1\windows\Python\37606B~1.9\x64\Scripts;C:\HOSTED~1\windows\Python\37606B~1.9\x64;C:\HOSTED~1\windows\Ruby\25F374~1.8\x64\bin;C:\PROGRA~1\Java\JDK8U2~1\bin;C:\ALIYUN~1;C:\npm\prefix;C:\PROGRA~2\MICROS~2\Azure\CLI2\wbin;C:\PROGRA~1\MICROS~4\Bin\;C:\PROGRA~3\kind;C:\windows\system32;C:\windows;C:\windows\System32\Wbem;C:\windows\System32\WINDOW~1\v1.0\;C:\PROGRA~3\Chocolatey\bin;C:\PROGRA~1\Microsoft\Web Platform Installer\;C:\PROGRA~1\Docker;C:\PROGRA~1\PowerShell\7\;C:\PROGRA~1\dotnet\;C:\PROGRA~1\MICROS~1\130\Tools\Binn\;C:\PROGRA~2\MICROS~3\110\DTS\Binn\;C:\PROGRA~2\MICROS~3\120\DTS\Binn\;C:\PROGRA~2\MICROS~3\130\DTS\Binn\;C:\PROGRA~2\WI3CF2~1\10\WINDOW~1\;C:\PROGRA~1\MIA72F~1\bin\Fabric\FABRIC~1.COD;C:\PROGRA~1\MICROS~2\SERVIC~1\Tools\SERVIC~2;C:\PROGRA~1\nodejs\;C:\PROGRA~3\chocolatey\lib\pulumi\tools\Pulumi\bin;C:\PROGRA~3\chocolatey\lib\maven\APACHE~1.3\bin;C:\PROGRA~1\OpenSSL\bin;C:\STRAWB~1\c\bin;C:\STRAWB~1\perl\site\bin;C:\STRAWB~1\perl\bin;C:\PROGRA~1\Git\cmd;C:\PROGRA~1\Git\mingw64\bin;C:\PROGRA~1\Git\usr\bin;c:\tools\php;C:\PROGRA~1\TORTOI~1\bin;C:\SELENI~1\CHROME~1\;C:\SELENI~1\EDGEDR~1\;C:\PROGRA~1\CMake\bin;C:\PROGRA~1\Amazon\AWSCLIV2\;C:\PROGRA~1\Amazon\SESSIO~1\bin\;C:\PROGRA~1\Amazon\AWSSAM~1\bin\;C:\PROGRA~2\Google\CLOUDS~1\GOOGLE~1\bin;C:\PROGRA~2\MICROS~1\2019\COMMUN~1\Common7\IDE\EXTENS~1\TESTPL~1\;C:\Program Files\dotnet\;C:\Program Files\Microsoft SQL Server\Client SDK\ODBC\170\Tools\Binn\;C:\Program Files\Gauge\bin;C:\Program Files\OpenJDK\jdk-17.0.2\bin;C:\Program Files (x86)\dotnet\;C:\Program Files\Microsoft Office\root\Office16\;C:\Users\ltuser.ghtestVM\.dotnet\tools;C:\Program Files (x86)\TRICENTIS\Tosca Testsuite\ToscaCommander;;C:\Program Files\Java\jdk1.8.0_181\bin;C:\Program Files\Eclipse Adoptium\jdk-11.0.14.9-hotspot\bin;C:\Program Files\Common Files\Oracle\Java\javapath;C:\tools\ruby27\bin;C:\Program Files\Katalon_Studio_Engine_Windows_64-8.3.5;C:\Ruby30-x64\bin;C:\gradle-6.9.1\bin;C:\tools\php-7.1;C:\tools\php-7.0;C:\PROGRA~1\MongoDB\Server\4.4\bin;C:\vcpkg;C:\cf-cli;C:\PROGRA~2\NSIS\;C:\PROGRA~1\MERCUR~1\;C:\HOSTED~1\windows\stack\25D33C~1.1\x64;C:\PROGRA~3\chocolatey\lib\GHC810~1.4\tools\GHC-81~1.4\bin;C:\PROGRA~1\dotnet;C:\MYSQL-~1.21-\bin;C:\PROGRA~1\R\R-40~1.3\bin\x64;C:\SELENI~1\GECKOD~1;C:\Rust\CARGO~1\bin;C:\PROGRA~2\GITHUB~1;C:\PROGRA~1\Git\bin;C:\PROGRA~2\sbt\bin;C:\PROGRA~2\pipx_bin;C:\HOSTED~1\windows\go\115~1.8\x64\bin;C:\HOSTED~1\windows\Python\37606B~1.9\x64\Scripts;C:\HOSTED~1\windows\Python\37606B~1.9\x64;C:\HOSTED~1\windows\Ruby\25F374~1.8\x64\bin;C:\PROGRA~1\Java\JDK8U2~1\bin;C:\ALIYUN~1;C:\npm\prefix;C:\PROGRA~2\MICROS~2\Azure\CLI2\wbin;C:\PROGRA~1\MICROS~4\Bin\;C:\PROGRA~3\kind;C:\windows\system32;C:\windows;C:\windows\System32\Wbem;C:\windows\System32\WINDOW~1\v1.0\;C:\PROGRA~3\Chocolatey\bin;C:\PROGRA~1\Microsoft\Web Platform Installer\;C:\PROGRA~1\Docker;C:\PROGRA~1\PowerShell\7\;C:\PROGRA~1\dotnet\;C:\PROGRA~1\MICROS~1\130\Tools\Binn\;C:\PROGRA~2\MICROS~3\110\DTS\Binn\;C:\PROGRA~2\MICROS~3\120\DTS\Binn\;C:\PROGRA~2\MICROS~3\130\DTS\Binn\;C:\PROGRA~2\WI3CF2~1\10\WINDOW~1\;C:\PROGRA~1\MIA72F~1\bin\Fabric\FABRIC~1.COD;C:\PROGRA~1\MICROS~2\SERVIC~1\Tools\SERVIC~2;C:\PROGRA~1\nodejs\;C:\PROGRA~3\chocolatey\lib\pulumi\tools\Pulumi\bin;C:\PROGRA~3\chocolatey\lib\maven\APACHE~1.3\bin;C:\PROGRA~1\OpenSSL\bin;C:\STRAWB~1\c\bin;C:\STRAWB~1\perl\site\bin;C:\STRAWB~1\perl\bin;C:\PROGRA~1\Git\cmd;C:\PROGRA~1\Git\mingw64\bin;C:\PROGRA~1\Git\usr\bin;c:\tools\php;C:\PROGRA~1\TORTOI~1\bin;C:\SELENI~1\CHROME~1\;C:\SELENI~1\EDGEDR~1\;C:\PROGRA~1\CMake\bin;C:\PROGRA~1\Amazon\AWSCLIV2\;C:\PROGRA~1\Amazon\SESSIO~1\bin\;C:\PROGRA~1\Amazon\AWSSAM~1\bin\;C:\PROGRA~2\Google\CLOUDS~1\GOOGLE~1\bin;C:\PROGRA~2\MICROS~1\2019\COMMUN~1\Common7\IDE\EXTENS~1\TESTPL~1\;C:\Program Files\dotnet\;C:\Program Files\Microsoft SQL Server\Client SDK\ODBC\170\Tools\Binn\;C:\Program Files\Gauge\bin;C:\Program Files\OpenJDK\jdk-17.0.2\bin;C:\Program Files (x86)\dotnet\;C:\Program Files\Microsoft Office\root\Office16\;."/>
    <property name="java.vm.info" value="mixed mode"/>
    <property name="java.vendor" value="Oracle Corporation"/>
    <property name="java.vm.version" value="25.181-b13"/>
    <property name="java.ext.dirs" value="C:\Program Files\Java\jdk1.8.0_181\jre\lib\ext;C:\windows\Sun\Java\lib\ext"/>
    <property name="sun.io.unicode.encoding" value="UnicodeLittle"/>
    <property name="maven.repo.local" value="m2_cache_dir"/>
    <property name="platname" value="win"/>
    <property name="java.class.version" value="52.0"/>
  </properties>
  <testcase name="test_ToDo(String, String, String, String, String)[2]" classname="hyperexecute.ToDoTest" time="11.216">
    <system-out><![CDATA[Running JUnit test on HyperExecute Grid
Windows 10
Setting up resources to run tests on HyperExecute Grid
Setting up resources to run tests on HyperExecute Grid
JUnit demo on HyperExecute Grid is successful
Browser resources released
]]></system-out>
    <system-err><![CDATA[Feb 24, 2023 12:45:55 PM org.openqa.selenium.remote.ProtocolHandshake createSession
INFO: Detected dialect: W3C
]]></system-err>
  </testcase>
  <testcase name="test_ToDo(String, String, String, String, String)[1]" classname="hyperexecute.ToDoTest" time="24.732">
    <system-out><![CDATA[JUnit demo on HyperExecute Grid is successful
Browser resources released
]]></system-out>
    <system-err><![CDATA[Feb 24, 2023 12:46:10 PM org.openqa.selenium.remote.ProtocolHandshake createSession
INFO: Detected dialect: W3C
]]></system-err>
  </testcase>
</testsuite>